<?xml version="1.0" encoding="UTF-8"?><testsuite errors="0" failures="1" name="io.cucumber.core.plugin.JUnitFormatter" skipped="0" tests="1" time="12.49">
<testcase classname="Homepage scenarios" name="Verify ViewAll button on the homepage" time="12.27">
<failure message="failed to verify the screenshot capturing" type="java.lang.AssertionError"><![CDATA[Given I launch the app 'Flipkart'...........................................passed
And I find the homepage loaded..............................................failed
When I click on ViewAll button..............................................skipped
Then I verify product listing page loaded...................................skipped

StackTrace:
java.lang.AssertionError: failed to verify the screenshot capturing
	at org.junit.Assert.fail(Assert.java:89)
	at com.stepdefinitions.StepDefinitions.i_find_the_homepage_loaded(StepDefinitions.java:39)
	at âœ½.I find the homepage loaded(file:///C:/Users/thoudi/repos/cucumberbdd2022/./src/test/resources/features/flipkart_home.feature:7)
]]></failure>
</testcase>
</testsuite>
