<?xml version="1.0" encoding="UTF-8"?>
<testng-results ignored="0" total="0" passed="0"
	failed="0" skipped="0">
	<reporter-output>
	</reporter-output>
	<suite started-at="2022-02-03T21:22:55 IST" name="Default suite"
		finished-at="2022-02-03T21:22:55 IST" duration-ms="596">
		<groups>
			<group name="cucumber">
				<method
					signature="AbstractTestNGCucumberTests.runScenario(io.cucumber.testng.PickleWrapper, io.cucumber.testng.FeatureWrapper)[pri:0, instance:com.testrunner.TestRunner@19e4653c]"
					name="runScenario"
					class="io.cucumber.testng.AbstractTestNGCucumberTests" />
			</group> <!-- cucumber -->
		</groups>
		<test started-at="2022-02-03T21:22:55 IST" name="Default test"
			finished-at="2022-02-03T21:22:55 IST" duration-ms="596">
			<class name="com.testrunner.TestRunner">
				<test-method is-config="true"
					signature="setUpClass()[pri:0, instance:com.testrunner.TestRunner@19e4653c]"
					started-at="2022-02-03T21:22:55 IST" name="setUpClass"
					finished-at="2022-02-03T21:22:55 IST" duration-ms="538"
					status="PASS">
					<reporter-output>
					</reporter-output>
				</test-method> <!-- setUpClass -->
				<test-method is-config="true"
					signature="tearDownClass()[pri:0, instance:com.testrunner.TestRunner@19e4653c]"
					started-at="2022-02-03T21:22:55 IST" name="tearDownClass"
					finished-at="2022-02-03T21:22:55 IST" duration-ms="7" status="PASS">
					<reporter-output>
					</reporter-output>
				</test-method> <!-- tearDownClass -->
			</class> <!-- com.testrunner.TestRunner -->
		</test> <!-- Default test -->
	</suite> <!-- Default suite -->
</testng-results>
